<?xml version="1.0" encoding="UTF-8"?>
<!-- Generated by org.testng.reporters.JUnitReportReporter -->
<testsuite hostname="DESKTOP-T2PM9EQ" failures="0" tests="2" name="com.test.HomePageTestCases" time="2.148" errors="0" timestamp="2023-01-30T17:01:52 IST" skipped="0">
  <testcase classname="com.test.HomePageTestCases" name="clickOnLoginButton" time="0.967"/>
  <system-out/>
  <testcase classname="com.test.HomePageTestCases" name="clickOnsignUpButton" time="1.181"/>
  <system-out/>
</testsuite> <!-- com.test.HomePageTestCases -->
